Unity Editor version:    2021.3.16f1 (4016570cf34f)
Branch:                  2021.3/staging
Build type:              Release
Batch mode:              YES
macOS version:           Version 13.1 (Build 22C65)
Darwin version:          22.2.0
Architecture:            arm64
Running under Rosetta:   NO
Available memory:        16384 MB
Using pre-set license
Pro License: YES

COMMAND LINE ARGUMENTS:
/Applications/Unity/Hub/Editor/2021.3.16f1/Unity.app/Contents/MacOS/Unity
-adb2
-batchMode
-noUpm
-name
AssetImportWorker0
-projectPath
/Users/CoYee1/Documents/GitHub/Prototype-2/Personal Project/Personal Project
-logFile
Logs/AssetImportWorker0.log
-srvPort
49596
Successfully changed project path to: /Users/CoYee1/Documents/GitHub/Prototype-2/Personal Project/Personal Project
/Users/CoYee1/Documents/GitHub/Prototype-2/Personal Project/Personal Project
[UnityMemory] Configuration Parameters - Can be set up in boot.config
    "memorysetup-bucket-allocator-granularity=16"
    "memorysetup-bucket-allocator-bucket-count=8"
    "memorysetup-bucket-allocator-block-size=33554432"
    "memorysetup-bucket-allocator-block-count=8"
    "memorysetup-main-allocator-block-size=16777216"
    "memorysetup-thread-allocator-block-size=16777216"
    "memorysetup-gfx-main-allocator-block-size=16777216"
    "memorysetup-gfx-thread-allocator-block-size=16777216"
    "memorysetup-cache-allocator-block-size=4194304"
    "memorysetup-typetree-allocator-block-size=2097152"
    "memorysetup-profiler-bucket-allocator-granularity=16"
    "memorysetup-profiler-bucket-allocator-bucket-count=8"
    "memorysetup-profiler-bucket-allocator-block-size=33554432"
    "memorysetup-profiler-bucket-allocator-block-count=8"
    "memorysetup-profiler-allocator-block-size=16777216"
    "memorysetup-profiler-editor-allocator-block-size=1048576"
    "memorysetup-temp-allocator-size-main=16777216"
    "memorysetup-job-temp-allocator-block-size=2097152"
    "memorysetup-job-temp-allocator-block-size-background=1048576"
    "memorysetup-job-temp-allocator-reduction-small-platforms=262144"
    "memorysetup-temp-allocator-size-background-worker=32768"
    "memorysetup-temp-allocator-size-job-worker=262144"
    "memorysetup-temp-allocator-size-preload-manager=33554432"
    "memorysetup-temp-allocator-size-nav-mesh-worker=65536"
    "memorysetup-temp-allocator-size-audio-worker=65536"
    "memorysetup-temp-allocator-size-cloud-worker=32768"
    "memorysetup-temp-allocator-size-gi-baking-worker=262144"
    "memorysetup-temp-allocator-size-gfx=262144"
Player connection [8356051584] Host "[IP] 10.64.78.102 [Port] 0 [Flags] 2 [Guid] 1401001905 [EditorId] 1401001905 [Version] 1048832 [Id] OSXEditor(0,439-U-H1W7) [Debug] 1 [PackageName] OSXEditor [ProjectName] Editor" joined multi-casting on [225.0.0.222:54997]...

Player connection [8356051584] Host "[IP] 10.64.78.102 [Port] 0 [Flags] 2 [Guid] 1401001905 [EditorId] 1401001905 [Version] 1048832 [Id] OSXEditor(0,439-U-H1W7) [Debug] 1 [PackageName] OSXEditor [ProjectName] Editor" joined alternative multi-casting on [225.0.0.222:34997]...

Refreshing native plugins compatible for Editor in 57.44 ms, found 2 plugins.
Preloading 0 native plugins for Editor in 0.00 ms.
Initialize engine version: 2021.3.16f1 (4016570cf34f)
[Subsystems] Discovering subsystems at path /Applications/Unity/Hub/Editor/2021.3.16f1/Unity.app/Contents/Resources/UnitySubsystems
[Subsystems] Discovering subsystems at path /Users/CoYee1/Documents/GitHub/Prototype-2/Personal Project/Personal Project/Assets
GfxDevice: creating device client; threaded=0; jobified=0
 preferred device: Apple M2 (high power)
Metal devices available: 1
0: Apple M2 (high power)
Using device Apple M2 (high power)
Initializing Metal device caps: Apple M2
Initialize mono
Mono path[0] = '/Applications/Unity/Hub/Editor/2021.3.16f1/Unity.app/Contents/Managed'
Mono path[1] = '/Applications/Unity/Hub/Editor/2021.3.16f1/Unity.app/Contents/MonoBleedingEdge/lib/mono/unityjit-macos'
Mono config path = '/Applications/Unity/Hub/Editor/2021.3.16f1/Unity.app/Contents/MonoBleedingEdge/etc'
Using monoOptions --debugger-agent=transport=dt_socket,embedding=1,server=y,suspend=n,address=127.0.0.1:56442
Begin MonoManager ReloadAssembly
Registering precompiled unity dll's ...
Register platform support module: /Applications/Unity/Hub/Editor/2021.3.16f1/PlaybackEngines/WebGLSupport/UnityEditor.WebGL.Extensions.dll
Register platform support module: /Applications/Unity/Hub/Editor/2021.3.16f1/Unity.app/Contents/PlaybackEngines/MacStandaloneSupport/UnityEditor.OSXStandalone.Extensions.dll
Register platform support module: /Applications/Unity/Hub/Editor/2021.3.16f1/PlaybackEngines/AndroidPlayer/UnityEditor.Android.Extensions.dll
Registered in 0.002358 seconds.
Native extension for Android target not found
Native extension for OSXStandalone target not found
Native extension for WebGL target not found
Refreshing native plugins compatible for Editor in 56.95 ms, found 2 plugins.
Preloading 0 native plugins for Editor in 0.00 ms.
Mono: successfully reloaded assembly
- Completed reload, in  0.377 seconds
Domain Reload Profiling:
	ReloadAssembly (378ms)
		BeginReloadAssembly (56ms)
			ExecutionOrderSort (0ms)
			DisableScriptedObjects (0ms)
			BackupInstance (0ms)
			ReleaseScriptingObjects (0ms)
			CreateAndSetChildDomain (0ms)
		EndReloadAssembly (260ms)
			LoadAssemblies (57ms)
			RebuildTransferFunctionScriptingTraits (0ms)
			SetupTypeCache (66ms)
			ReleaseScriptCaches (0ms)
			RebuildScriptCaches (17ms)
			SetupLoadedEditorAssemblies (152ms)
				LogAssemblyErrors (0ms)
				InitializePlatformSupportModulesInManaged (27ms)
				SetLoadedEditorAssemblies (0ms)
				RefreshPlugins (57ms)
				BeforeProcessingInitializeOnLoad (1ms)
				ProcessInitializeOnLoadAttributes (45ms)
				ProcessInitializeOnLoadMethodAttributes (22ms)
				AfterProcessingInitializeOnLoad (0ms)
				EditorAssembliesLoaded (0ms)
			ExecutionOrderSort2 (0ms)
			AwakeInstancesAfterBackupRestoration (0ms)
Platform modules already initialized, skipping
Registering precompiled user dll's ...
Registered in 0.004929 seconds.
Begin MonoManager ReloadAssembly
Symbol file LoadedFromMemory doesn't match image /Users/CoYee1/Documents/GitHub/Prototype-2/Personal Project/Personal Project/Library/PackageCache/com.unity.visualscripting@1.7.8/Editor/VisualScripting.Core/Dependencies/YamlDotNet/Unity.VisualScripting.YamlDotNet.dll
Symbol file LoadedFromMemory doesn't match image /Users/CoYee1/Documents/GitHub/Prototype-2/Personal Project/Personal Project/Library/PackageCache/com.unity.visualscripting@1.7.8/Editor/VisualScripting.Core/Dependencies/DotNetZip/Unity.VisualScripting.IonicZip.dll
Native extension for Android target not found
Native extension for OSXStandalone target not found
Native extension for WebGL target not found
Refreshing native plugins compatible for Editor in 0.31 ms, found 2 plugins.
Preloading 0 native plugins for Editor in 0.00 ms.
Mono: successfully reloaded assembly
- Completed reload, in  0.686 seconds
Domain Reload Profiling:
	ReloadAssembly (687ms)
		BeginReloadAssembly (163ms)
			ExecutionOrderSort (0ms)
			DisableScriptedObjects (4ms)
			BackupInstance (0ms)
			ReleaseScriptingObjects (0ms)
			CreateAndSetChildDomain (124ms)
		EndReloadAssembly (458ms)
			LoadAssemblies (53ms)
			RebuildTransferFunctionScriptingTraits (0ms)
			SetupTypeCache (161ms)
			ReleaseScriptCaches (1ms)
			RebuildScriptCaches (30ms)
			SetupLoadedEditorAssemblies (190ms)
				LogAssemblyErrors (0ms)
				InitializePlatformSupportModulesInManaged (6ms)
				SetLoadedEditorAssemblies (0ms)
				RefreshPlugins (0ms)
				BeforeProcessingInitializeOnLoad (47ms)
				ProcessInitializeOnLoadAttributes (122ms)
				ProcessInitializeOnLoadMethodAttributes (14ms)
				AfterProcessingInitializeOnLoad (1ms)
				EditorAssembliesLoaded (0ms)
			ExecutionOrderSort2 (0ms)
			AwakeInstancesAfterBackupRestoration (2ms)
Platform modules already initialized, skipping
========================================================================
Worker process is ready to serve import requests
Launching external process: /Applications/Unity/Hub/Editor/2021.3.16f1/Unity.app/Contents/Tools/UnityShaderCompiler
Launched and connected shader compiler UnityShaderCompiler after 0.05 seconds
Refreshing native plugins compatible for Editor in 0.36 ms, found 2 plugins.
Preloading 0 native plugins for Editor in 0.00 ms.
Unloading 3361 Unused Serialized files (Serialized files now loaded: 0)
Unloading 27 unused Assets / (84.6 KB). Loaded Objects now: 3820.
Memory consumption went from 111.0 MB to 110.9 MB.
Total: 2.389417 ms (FindLiveObjects: 0.121792 ms CreateObjectMapping: 0.054166 ms MarkObjects: 2.139292 ms  DeleteObjects: 0.073833 ms)

AssetImportParameters requested are different than current active one (requested -> active):
  custom:video-decoder-ogg-theora: a1e56fd34408186e4bbccfd4996cb3dc -> 
  custom:container-muxer-webm: aa71ff27fc2769a1b78a27578f13a17b -> 
  custom:container-demuxer-webm: 4f35f7cbe854078d1ac9338744f61a02 -> 
  custom:video-encoder-webm-vp8: eb34c28f22e8b96e1ab97ce403110664 -> 
  custom:framework-osx-AVFoundation: e770b220cccbd017edd2c1fefb359320 -> 
  custom:audio-encoder-webm-vorbis: bf7c407c2cedff20999df2af8eb42d56 -> 
  custom:container-demuxer-ogg: 62fdf1f143b41e24485cea50d1cbac27 -> 
  custom:video-decoder-webm-vp8: 9c59270c3fd7afecdb556c50c9e8de78 -> 
  custom:audio-decoder-ogg-vorbis: bf7c407c2cedff20999df2af8eb42d56 -> 
========================================================================
Received Import Request.
  Time since last request: 4889.030784 seconds.
  path: Assets/Scenes/My Game.unity
  artifactKey: Guid(9fc0d4010bbf28b4594072e72b8655ab) Importer(815301076,1909f56bfc062723c751e8b465ee728b)
Start importing Assets/Scenes/My Game.unity using Guid(9fc0d4010bbf28b4594072e72b8655ab) Importer(815301076,1909f56bfc062723c751e8b465ee728b)  -> (artifact id: 'fe46582053c233d1a3384877b292f393') in 0.004668 seconds 
========================================================================
Received Import Request.
  Time since last request: 63.631783 seconds.
  path: Assets/Scenes/Materials.mat
  artifactKey: Guid(f8f7fa452b1ae45c09bd207c9862df20) Importer(815301076,1909f56bfc062723c751e8b465ee728b)
Start importing Assets/Scenes/Materials.mat using Guid(f8f7fa452b1ae45c09bd207c9862df20) Importer(815301076,1909f56bfc062723c751e8b465ee728b)  -> (artifact id: 'c2e969b4e4b0d39987ea2f9d21ad0d60') in 0.439777 seconds 
========================================================================
Received Import Request.
  Time since last request: 264.043326 seconds.
  path: Assets/Scenes/Red.mat
  artifactKey: Guid(03e35c241aec244909f02111a0486169) Importer(815301076,1909f56bfc062723c751e8b465ee728b)
Start importing Assets/Scenes/Red.mat using Guid(03e35c241aec244909f02111a0486169) Importer(815301076,1909f56bfc062723c751e8b465ee728b)  -> (artifact id: 'd2f255c809e7ef3efcedd513bad86f8e') in 0.005401 seconds 
========================================================================
Received Import Request.
  Time since last request: 26.743580 seconds.
  path: Assets/Materials
  artifactKey: Guid(32145b131aa5e4802bfd13874b5fe7fa) Importer(815301076,1909f56bfc062723c751e8b465ee728b)
Start importing Assets/Materials using Guid(32145b131aa5e4802bfd13874b5fe7fa) Importer(815301076,1909f56bfc062723c751e8b465ee728b)  -> (artifact id: 'e737f0778bcae3f1305ef21936d51ee2') in 0.000560 seconds 
========================================================================
Received Import Request.
  Time since last request: 16.426219 seconds.
  path: Assets/Materials/blue.mat
  artifactKey: Guid(f8f7fa452b1ae45c09bd207c9862df20) Importer(815301076,1909f56bfc062723c751e8b465ee728b)
Start importing Assets/Materials/blue.mat using Guid(f8f7fa452b1ae45c09bd207c9862df20) Importer(815301076,1909f56bfc062723c751e8b465ee728b)  -> (artifact id: 'd8be8a31a747b277b2f7e8d4a45a3d3d') in 0.004100 seconds 
========================================================================
Received Import Request.
  Time since last request: 6.438171 seconds.
  path: Assets/Materials/red.mat
  artifactKey: Guid(bdbe3e7534bb543e2892754a31d30b31) Importer(815301076,1909f56bfc062723c751e8b465ee728b)
Start importing Assets/Materials/red.mat using Guid(bdbe3e7534bb543e2892754a31d30b31) Importer(815301076,1909f56bfc062723c751e8b465ee728b)  -> (artifact id: '09d9d64a29b3b60a30a2e2279c2c982f') in 0.005083 seconds 
========================================================================
Received Import Request.
  Time since last request: 65.172970 seconds.
  path: Assets/Materials/New Material.mat
  artifactKey: Guid(bee8f71cc643c400ca14ea61beca5c67) Importer(815301076,1909f56bfc062723c751e8b465ee728b)
Start importing Assets/Materials/New Material.mat using Guid(bee8f71cc643c400ca14ea61beca5c67) Importer(815301076,1909f56bfc062723c751e8b465ee728b)  -> (artifact id: '64866214d84f73ebfcc7f47b309724ad') in 0.004931 seconds 
========================================================================
Received Import Request.
  Time since last request: 6.601972 seconds.
  path: Assets/Materials/New Material 1.mat
  artifactKey: Guid(3dc9ad5f858254ef6aa1e5c84ff37b18) Importer(815301076,1909f56bfc062723c751e8b465ee728b)
Start importing Assets/Materials/New Material 1.mat using Guid(3dc9ad5f858254ef6aa1e5c84ff37b18) Importer(815301076,1909f56bfc062723c751e8b465ee728b)  -> (artifact id: 'b27a6ab07e8aee99d32e4e843a38577f') in 0.005277 seconds 
========================================================================
Received Import Request.
  Time since last request: 26.772375 seconds.
  path: Assets/Materials/Light red.mat
  artifactKey: Guid(3dc9ad5f858254ef6aa1e5c84ff37b18) Importer(815301076,1909f56bfc062723c751e8b465ee728b)
Start importing Assets/Materials/Light red.mat using Guid(3dc9ad5f858254ef6aa1e5c84ff37b18) Importer(815301076,1909f56bfc062723c751e8b465ee728b)  -> (artifact id: '0c59c3d8a1b66297dedf1dc924107d16') in 0.004033 seconds 
========================================================================
Received Import Request.
  Time since last request: 9.999819 seconds.
  path: Assets/Materials/dark red.mat
  artifactKey: Guid(bee8f71cc643c400ca14ea61beca5c67) Importer(815301076,1909f56bfc062723c751e8b465ee728b)
Start importing Assets/Materials/dark red.mat using Guid(bee8f71cc643c400ca14ea61beca5c67) Importer(815301076,1909f56bfc062723c751e8b465ee728b)  -> (artifact id: '1d19adb37e9ca829c7f8c699150d883c') in 0.004689 seconds 
========================================================================
Received Import Request.
  Time since last request: 54.225786 seconds.
  path: Assets/Materials/Red medium.mat
  artifactKey: Guid(01e3b8dee2ee544509ad2d6342d5c9f6) Importer(815301076,1909f56bfc062723c751e8b465ee728b)
Start importing Assets/Materials/Red medium.mat using Guid(01e3b8dee2ee544509ad2d6342d5c9f6) Importer(815301076,1909f56bfc062723c751e8b465ee728b)  -> (artifact id: '04faf6ba048bf7857ade6c2368d41170') in 0.005403 seconds 
========================================================================
Received Import Request.
  Time since last request: 126.763848 seconds.
  path: Assets/Materials/red medium.mat
  artifactKey: Guid(01e3b8dee2ee544509ad2d6342d5c9f6) Importer(815301076,1909f56bfc062723c751e8b465ee728b)
Start importing Assets/Materials/red medium.mat using Guid(01e3b8dee2ee544509ad2d6342d5c9f6) Importer(815301076,1909f56bfc062723c751e8b465ee728b)  -> (artifact id: 'd497f6d725007d3e15d21a9c5b1c593f') in 0.005708 seconds 
========================================================================
Received Import Request.
  Time since last request: 9.306415 seconds.
  path: Assets/Materials/dark red.mat
  artifactKey: Guid(bee8f71cc643c400ca14ea61beca5c67) Importer(815301076,1909f56bfc062723c751e8b465ee728b)
Start importing Assets/Materials/dark red.mat using Guid(bee8f71cc643c400ca14ea61beca5c67) Importer(815301076,1909f56bfc062723c751e8b465ee728b)  -> (artifact id: '524c0c1a0aadf0631920bfb4a95a52d5') in 0.004632 seconds 
